This is pdfTeX, Version 3.1415926-2.4-1.40.13 (TeX Live 2012/Debian) (format=pdflatex 2013.8.9)  15 AUG 2013 15:18
entering extended mode
 restricted \write18 enabled.
 %&-line parsing enabled.
**rdf.tex
(./rdf.tex
LaTeX2e <2011/06/27>
Babel <v3.8m> and hyphenation patterns for english, dumylang, nohyphenation, lo
aded.
! Undefined control sequence.
l.1   \section
              [Resource Description Framework (RDF)]{RDF}
? 
! Emergency stop.
l.1   \section
              [Resource Description Framework (RDF)]{RDF}
End of file on the terminal!

 
Here is how much of TeX's memory you used:
 5 strings out of 495059
 117 string characters out of 3182031
 45057 words of memory out of 3000000
 3288 multiletter control sequences out of 15000+200000
 3640 words of font info for 14 fonts, out of 3000000 for 9000
 14 hyphenation exceptions out of 8191
 5i,0n,1p,63b,8s stack positions out of 5000i,500n,10000p,200000b,50000s
!  ==> Fatal error occurred, no output PDF file produced!
